<?xml version="1.0" encoding="UTF-8"?>
<!-- Generated by org.testng.reporters.JUnitReportReporter -->
<testsuite hostname="DESKTOP-QLF1HVV" failures="0" tests="3" name="com.crm.qa.testcases.LoginPageTest" time="36.605" errors="0" timestamp="06 Nov 2021 12:10:07 GMT" skipped="0">
  <testcase classname="com.crm.qa.testcases.LoginPageTest" name="loginPageTitleTest" time="7.993"/>
  <testcase classname="com.crm.qa.testcases.LoginPageTest" name="crmLogoImageTest" time="10.185"/>
  <testcase classname="com.crm.qa.testcases.LoginPageTest" name="loginTest" time="18.427"/>
</testsuite> <!-- com.crm.qa.testcases.LoginPageTest -->
