<?xml version="1.0" encoding="UTF-8"?>
<!-- Generated by org.testng.reporters.JUnitReportReporter -->
<testsuite hostname="DESKTOP-QLF1HVV" failures="0" tests="3" name="com.crm.qa.testcases.HomePageTest" time="51.166" errors="0" timestamp="06 Nov 2021 13:23:22 GMT" skipped="0">
  <testcase classname="com.crm.qa.testcases.HomePageTest" name="verifyHomePageTitleTest" time="16.095"/>
  <testcase classname="com.crm.qa.testcases.HomePageTest" name="verifyUserNameTest" time="17.404"/>
  <testcase classname="com.crm.qa.testcases.HomePageTest" name="verifyContactsLinkTest" time="17.667"/>
</testsuite> <!-- com.crm.qa.testcases.HomePageTest -->
